# JRE version: OpenJDK Runtime Environment Temurin-17.0.9+9 (17.0.9+9) (build 17.0.9+9)
# Java VM: OpenJDK 64-Bit Server VM Temurin-17.0.9+9 (17.0.9+9, mixed mode, sharing, tiered, compressed oops, compressed class ptrs, g1 gc, windows-amd64)
GC Precious Log:
 CPUs: 12 total, 12 available
 Memory: 16065M
 Large Page Support: Disabled
 NUMA Support: Disabled
 Compressed Oops: Enabled (Zero based)
 Heap Region Size: 2M
 Heap Min Capacity: 8M
 Heap Initial Capacity: 252M
 Heap Max Capacity: 4018M
 Pre-touch: Disabled
 Parallel Workers: 10
 Concurrent Workers: 3
 Concurrent Refinement Workers: 10
 Periodic GC: Disabled
Heap:
 garbage-first heap   total 100352K, used 47588K [0x0000000704e00000, 0x0000000800000000)
  region size 2048K, 3 young (6144K), 3 survivors (6144K)
 Metaspace       used 56827K, committed 57536K, reserved 1114112K
  class space    used 6249K, committed 6592K, reserved 1048576K
GC Heap History (20 events):
Event: 6.009 GC heap after
{Heap after GC invocations=13 (full 0):
 garbage-first heap   total 61440K, used 27166K [0x0000000704e00000, 0x0000000800000000)
  region size 2048K, 2 young (4096K), 2 survivors (4096K)
 Metaspace       used 50312K, committed 50944K, reserved 1114112K
  class space    used 5412K, committed 5696K, reserved 1048576K
}
Event: 6.438 GC heap before
{Heap before GC invocations=13 (full 0):
 garbage-first heap   total 61440K, used 41502K [0x0000000704e00000, 0x0000000800000000)
  region size 2048K, 10 young (20480K), 2 survivors (4096K)
 Metaspace       used 51880K, committed 52480K, reserved 1114112K
  class space    used 5586K, committed 5824K, reserved 1048576K
}
Event: 6.441 GC heap after
{Heap after GC invocations=14 (full 0):
 garbage-first heap   total 61440K, used 28964K [0x0000000704e00000, 0x0000000800000000)
  region size 2048K, 1 young (2048K), 1 survivors (2048K)
 Metaspace       used 51880K, committed 52480K, reserved 1114112K
  class space    used 5586K, committed 5824K, reserved 1048576K
}
Event: 6.749 GC heap before
{Heap before GC invocations=14 (full 0):
 garbage-first heap   total 61440K, used 43300K [0x0000000704e00000, 0x0000000800000000)
  region size 2048K, 9 young (18432K), 1 survivors (2048K)
 Metaspace       used 54175K, committed 54784K, reserved 1114112K
  class space    used 5907K, committed 6144K, reserved 1048576K
}
Event: 6.751 GC heap after
{Heap after GC invocations=15 (full 0):
 garbage-first heap   total 61440K, used 30148K [0x0000000704e00000, 0x0000000800000000)
  region size 2048K, 2 young (4096K), 2 survivors (4096K)
 Metaspace       used 54175K, committed 54784K, reserved 1114112K
  class space    used 5907K, committed 6144K, reserved 1048576K
}
Event: 6.971 GC heap before
{Heap before GC invocations=16 (full 0):
 garbage-first heap   total 61440K, used 46532K [0x0000000704e00000, 0x0000000800000000)
  region size 2048K, 10 young (20480K), 2 survivors (4096K)
 Metaspace       used 54351K, committed 55040K, reserved 1114112K
  class space    used 5929K, committed 6272K, reserved 1048576K
}
Event: 6.973 GC heap after
{Heap after GC invocations=17 (full 0):
 garbage-first heap   total 61440K, used 31707K [0x0000000704e00000, 0x0000000800000000)
  region size 2048K, 2 young (4096K), 2 survivors (4096K)
 Metaspace       used 54351K, committed 55040K, reserved 1114112K
  class space    used 5929K, committed 6272K, reserved 1048576K
}
Event: 7.029 GC heap before
{Heap before GC invocations=17 (full 0):
 garbage-first heap   total 61440K, used 46043K [0x0000000704e00000, 0x0000000800000000)
  region size 2048K, 9 young (18432K), 2 survivors (4096K)
 Metaspace       used 54372K, committed 55104K, reserved 1114112K
  class space    used 5929K, committed 6272K, reserved 1048576K
}
Event: 7.030 GC heap after
{Heap after GC invocations=18 (full 0):
 garbage-first heap   total 61440K, used 33242K [0x0000000704e00000, 0x0000000800000000)
  region size 2048K, 2 young (4096K), 2 survivors (4096K)
 Metaspace       used 54372K, committed 55104K, reserved 1114112K
  class space    used 5929K, committed 6272K, reserved 1048576K
}
Event: 7.170 GC heap before
{Heap before GC invocations=19 (full 0):
 garbage-first heap   total 65536K, used 45530K [0x0000000704e00000, 0x0000000800000000)
  region size 2048K, 9 young (18432K), 2 survivors (4096K)
 Metaspace       used 54916K, committed 55552K, reserved 1114112K
  class space    used 5981K, committed 6336K, reserved 1048576K
}
Event: 7.171 GC heap after
{Heap after GC invocations=20 (full 0):
 garbage-first heap   total 65536K, used 34663K [0x0000000704e00000, 0x0000000800000000)
  region size 2048K, 2 young (4096K), 2 survivors (4096K)
 Metaspace       used 54916K, committed 55552K, reserved 1114112K
  class space    used 5981K, committed 6336K, reserved 1048576K
}
Event: 7.241 GC heap before
{Heap before GC invocations=20 (full 0):
 garbage-first heap   total 65536K, used 48999K [0x0000000704e00000, 0x0000000800000000)
  region size 2048K, 9 young (18432K), 2 survivors (4096K)
 Metaspace       used 54945K, committed 55616K, reserved 1114112K
  class space    used 5981K, committed 6336K, reserved 1048576K
}
Event: 7.242 GC heap after
{Heap after GC invocations=21 (full 0):
 garbage-first heap   total 100352K, used 35695K [0x0000000704e00000, 0x0000000800000000)
  region size 2048K, 2 young (4096K), 2 survivors (4096K)
 Metaspace       used 54945K, committed 55616K, reserved 1114112K
  class space    used 5981K, committed 6336K, reserved 1048576K
}
Event: 7.385 GC heap before
{Heap before GC invocations=22 (full 0):
 garbage-first heap   total 100352K, used 70511K [0x0000000704e00000, 0x0000000800000000)
  region size 2048K, 20 young (40960K), 2 survivors (4096K)
 Metaspace       used 55002K, committed 55744K, reserved 1114112K
  class space    used 5985K, committed 6336K, reserved 1048576K
}
Event: 7.388 GC heap after
{Heap after GC invocations=23 (full 0):
 garbage-first heap   total 100352K, used 38653K [0x0000000704e00000, 0x0000000800000000)
  region size 2048K, 3 young (6144K), 3 survivors (6144K)
 Metaspace       used 55002K, committed 55744K, reserved 1114112K
  class space    used 5985K, committed 6336K, reserved 1048576K
}
Event: 7.448 GC heap before
{Heap before GC invocations=23 (full 0):
 garbage-first heap   total 100352K, used 75517K [0x0000000704e00000, 0x0000000800000000)
  region size 2048K, 21 young (43008K), 3 survivors (6144K)
 Metaspace       used 55007K, committed 55744K, reserved 1114112K
  class space    used 5985K, committed 6336K, reserved 1048576K
}
Event: 7.450 GC heap after
{Heap after GC invocations=24 (full 0):
 garbage-first heap   total 100352K, used 42800K [0x0000000704e00000, 0x0000000800000000)
  region size 2048K, 3 young (6144K), 3 survivors (6144K)
 Metaspace       used 55007K, committed 55744K, reserved 1114112K
  class space    used 5985K, committed 6336K, reserved 1048576K
}
Event: 7.537 GC heap before
{Heap before GC invocations=24 (full 0):
 garbage-first heap   total 100352K, used 75568K [0x0000000704e00000, 0x0000000800000000)
  region size 2048K, 19 young (38912K), 3 survivors (6144K)
 Metaspace       used 55531K, committed 56256K, reserved 1114112K
  class space    used 6056K, committed 6400K, reserved 1048576K
}
Event: 7.539 GC heap after
{Heap after GC invocations=25 (full 0):
 garbage-first heap   total 100352K, used 45490K [0x0000000704e00000, 0x0000000800000000)
  region size 2048K, 2 young (4096K), 2 survivors (4096K)
 Metaspace       used 55531K, committed 56256K, reserved 1114112K
  class space    used 6056K, committed 6400K, reserved 1048576K
}
Event: 7.781 GC heap before
{Heap before GC invocations=25 (full 0):
 garbage-first heap   total 100352K, used 78258K [0x0000000704e00000, 0x0000000800000000)
  region size 2048K, 18 young (36864K), 2 survivors (4096K)
 Metaspace       used 56827K, committed 57536K, reserved 1114112K
  class space    used 6249K, committed 6592K, reserved 1048576K
}

